<?xml version="1.0" encoding="UTF-8"?>
<testng-results ignored="0" total="0" passed="0" failed="0" skipped="0">
  <reporter-output>
  </reporter-output>
  <suite started-at="2023-12-06T17:46:03 IST" name="udemyprojectutility.BaseTest_1" finished-at="2023-12-06T17:46:03 IST" duration-ms="5">
    <groups>
    </groups>
    <test started-at="2023-12-06T17:46:03 IST" name="Command line test" finished-at="2023-12-06T17:46:03 IST" duration-ms="5">
    </test> <!-- Command line test -->
  </suite> <!-- udemyprojectutility.BaseTest_1 -->
</testng-results>
