<?xml version="1.0" encoding="UTF-8"?>
<testng-results ignored="0" total="1" passed="1" failed="0" skipped="0">
  <reporter-output>
  </reporter-output>
  <suite started-at="2024-01-12T15:54:01 IST" name="Default suite" finished-at="2024-01-12T15:54:13 IST" duration-ms="11885">
    <groups>
    </groups>
    <test started-at="2024-01-12T15:54:01 IST" name="Default test" finished-at="2024-01-12T15:54:13 IST" duration-ms="11885">
      <class name="udemyprojectutility.Draganddrop">
        <test-method is-config="true" signature="ConfigiureAppium()[pri:0, instance:udemyprojectutility.Draganddrop@1ed6388a]" started-at="2024-01-12T15:54:01 IST" name="ConfigiureAppium" finished-at="2024-01-12T15:54:08 IST" duration-ms="6578" status="PASS">
          <reporter-output>
          </reporter-output>
        </test-method> <!-- ConfigiureAppium -->
        <test-method signature="draganddop()[pri:0, instance:udemyprojectutility.Draganddrop@1ed6388a]" started-at="2024-01-12T15:54:08 IST" name="draganddop" finished-at="2024-01-12T15:54:13 IST" duration-ms="5289" status="PASS">
          <reporter-output>
          </reporter-output>
        </test-method> <!-- draganddop -->
        <test-method is-config="true" signature="teardown()[pri:0, instance:udemyprojectutility.Draganddrop@1ed6388a]" started-at="2024-01-12T15:54:13 IST" name="teardown" finished-at="2024-01-12T15:54:13 IST" duration-ms="0" status="PASS">
          <reporter-output>
          </reporter-output>
        </test-method> <!-- teardown -->
      </class> <!-- udemyprojectutility.Draganddrop -->
    </test> <!-- Default test -->
  </suite> <!-- Default suite -->
</testng-results>
